********************************************************************************
DUPLICATOR-LITE PACKAGE-LOG: April 20, 2019 6:29 am
NOTICE: Do NOT post to public sites or forums 
********************************************************************************
VERSION:	1.3.10
WORDPRESS:	5.1.1
PHP INFO:	7.3.4 | SAPI: apache2handler
SERVER:		Apache/2.4.39 (Win64) OpenSSL/1.1.1b PHP/7.3.4 
PHP TIME LIMIT: (0) no time limit imposed 
PHP MAX MEMORY: 4294967296 (128M default) 
MEMORY STACK: 8MB 

********************************************************************************
DATABASE:
********************************************************************************
BUILD MODE:   MYSQLDUMP
MYSQLTIMEOUT: 5000
MYSQLDUMP:    Is Supported 
SQL CREATED: 20190420_maxjenmana_3f2496cf5764ff448268_20190420062742_database.sql 
SQL FILE SIZE: 863.05KB (883763) 
SQL FILE TIME: 2019-04-20 06:29:12 
SQL RUNTIME: 3.81 sec. 

******************************************************************************** 
ARCHIVE (ZIP): 
******************************************************************************** 
ARCHIVE DIR:  E:/xamp/apps/wordpress/htdocs 
ARCHIVE FILE: 20190420_maxjenmana_3f2496cf5764ff448268_20190420062742_archive.zip 
FILTERS: *OFF* 
DIRS:
	not set 
FILES:
	not set 
EXTS:  not set 
---------------------------------------- 
COMPRESSING 
SIZE:	93.52MB 
STATS:	Dirs 855 | Files 5,558 
SQL ADDED: 20190420_maxjenmana_3f2496cf5764ff448268_20190420062742_database.sql 
ZipArchive Object
(
    [status] => 0
    [statusSys] => 0
    [numFiles] => 6413
    [filename] => E:\xamp\apps\wordpress\htdocs\wp-snapshots\tmp\20190420_maxjenmana_3f2496cf5764ff448268_20190420062742_archive.zip
    [comment] => 
)
 
FILE ADDED TO ZIP: 6412 
COMPRESSION RESULT: '1' 
COMPRESSED SIZE: 34.78MB 
ARCHIVE RUNTIME: 105.48 sec. 
MEMORY STACK: 10MB 
building installer 
add_extra_files1 
add_extra_files2 
add_extra_files3 
add_extra_files4 
Doing archive file check 
add_extra_files5 
add_extra_files6 
add_extra_files8 
Successfully opened zip E:/xamp/apps/wordpress/htdocs/wp-snapshots/tmp/20190420_maxjenmana_3f2496cf5764ff448268_20190420062742_archive.zip 
Adding enhanced installer files to archive using ZipArchive 
Installer files added to archive 
Added to archive 
After ziparchive close when adding installer 

******************************************************************************** 
INTEGRITY CHECKS: 
******************************************************************************** 
SQL FILE: 863.05KB 
INSTALLER FILE: 207.32KB 
ARCHIVE FILE: 35.75MB  
EXPECTED FILE/DIRECTORY COUNT: 6,413 
ACTUAL FILE/DIRECTORY COUNT: 6,412 
ARCHIVE CONSISTENCY TEST: Pass 

********************************************************************************
RECORD ID:[1]
TOTAL PROCESS RUNTIME: 110.72 sec.
PEAK PHP MEMORY USED: 10MB
DONE PROCESSING => 20190420_maxjenmana April 20, 2019 6:30 am
 
