2015-11-10 15:26:56 10fc InnoDB: Warning: Using innodb_additional_mem_pool_size is DEPRECATED. This option may be removed in future releases, together with the option innodb_use_sys_malloc and with the InnoDB's internal memory allocator.
2015-11-10 15:26:56 4348 [Note] InnoDB: Using mutexes to ref count buffer pool pages
2015-11-10 15:26:56 4348 [Note] InnoDB: The InnoDB memory heap is disabled
2015-11-10 15:26:56 4348 [Note] InnoDB: Mutexes and rw_locks use Windows interlocked functions
2015-11-10 15:26:56 4348 [Note] InnoDB: Memory barrier is not used
2015-11-10 15:26:56 4348 [Note] InnoDB: Compressed tables use zlib 1.2.3
2015-11-10 15:26:56 4348 [Note] InnoDB: Not using CPU crc32 instructions
2015-11-10 15:26:56 4348 [Note] InnoDB: Initializing buffer pool, size = 16.0M
2015-11-10 15:26:56 4348 [Note] InnoDB: Completed initialization of buffer pool
2015-11-10 15:26:56 4348 [Note] InnoDB: Highest supported file format is Barracuda.
2015-11-10 15:26:57 4348 [Note] InnoDB: 128 rollback segment(s) are active.
2015-11-10 15:26:57 4348 [Note] InnoDB: Waiting for purge to start
2015-11-10 15:26:57 4348 [Note] InnoDB:  Percona XtraDB (http://www.percona.com) 5.6.26-74.0 started; log sequence number 1835027
2015-11-10 15:26:57 6140 [Note] InnoDB: Dumping buffer pool(s) not yet started
2015-11-10 15:26:57 4348 [Note] Plugin 'FEEDBACK' is disabled.
2015-11-10 15:26:57 4348 [Note] Server socket created on IP: '::'.
2015-11-10 15:26:57 4348 [Note] Event Scheduler: Loaded 0 events
2015-11-10 15:26:57 4348 [Note] C:\xampp\mysql\bin\mysqld.exe: ready for connections.
Version: '10.1.8-MariaDB'  socket: ''  port: 3306  mariadb.org binary distribution
2015-11-10 15:27:11 5152 [Note] C:\xampp\mysql\bin\mysqld.exe: Normal shutdown

2015-11-10 15:27:11 5152 [Note] Event Scheduler: Purging the queue. 0 events
2015-11-10 15:27:11 5732 [Note] InnoDB: FTS optimize thread exiting.
2015-11-10 15:27:11 5152 [Note] InnoDB: Starting shutdown...
2015-11-10 15:27:13 5152 [Note] InnoDB: Shutdown completed; log sequence number 1835037
2015-11-10 15:27:13 5152 [Note] C:\xampp\mysql\bin\mysqld.exe: Shutdown complete

2019-04-17 20:37:40 12b0 InnoDB: Warning: Using innodb_additional_mem_pool_size is DEPRECATED. This option may be removed in future releases, together with the option innodb_use_sys_malloc and with the InnoDB's internal memory allocator.
2019-04-17 20:37:40 4784 [Note] InnoDB: innodb_empty_free_list_algorithm has been changed to legacy because of small buffer pool size. In order to use backoff, increase buffer pool at least up to 20MB.

2019-04-17 20:37:40 4784 [Note] InnoDB: Using mutexes to ref count buffer pool pages
2019-04-17 20:37:40 4784 [Note] InnoDB: The InnoDB memory heap is disabled
2019-04-17 20:37:40 4784 [Note] InnoDB: Mutexes and rw_locks use Windows interlocked functions
2019-04-17 20:37:40 4784 [Note] InnoDB: _mm_lfence() and _mm_sfence() are used for memory barrier
2019-04-17 20:37:40 4784 [Note] InnoDB: Compressed tables use zlib 1.2.11
2019-04-17 20:37:40 4784 [Note] InnoDB: Using generic crc32 instructions
2019-04-17 20:37:40 4784 [Note] InnoDB: Initializing buffer pool, size = 16.0M
2019-04-17 20:37:40 4784 [Note] InnoDB: Completed initialization of buffer pool
2019-04-17 20:37:40 4784 [Note] InnoDB: Highest supported file format is Barracuda.
2019-04-17 20:37:41 4784 [Note] InnoDB: 128 rollback segment(s) are active.
2019-04-17 20:37:41 4784 [Note] InnoDB: Waiting for purge to start
2019-04-17 20:37:41 4784 [Note] InnoDB:  Percona XtraDB (http://www.percona.com) 5.6.42-84.2 started; log sequence number 1835037
2019-04-17 20:37:41 13572 [Note] InnoDB: Dumping buffer pool(s) not yet started
2019-04-17 20:37:41 4784 [Note] Plugin 'FEEDBACK' is disabled.
2019-04-17 20:37:41 4784 [Note] Server socket created on IP: '::'.
2019-04-17 20:37:41 4784 [Note] e:\xamp\mysql\bin\mysqld.exe: ready for connections.
Version: '10.1.38-MariaDB'  socket: ''  port: 3306  mariadb.org binary distribution
2019-04-17 20:52:22 1ff0 InnoDB: Warning: Using innodb_additional_mem_pool_size is DEPRECATED. This option may be removed in future releases, together with the option innodb_use_sys_malloc and with the InnoDB's internal memory allocator.
2019-04-17 20:52:22 8176 [Note] InnoDB: innodb_empty_free_list_algorithm has been changed to legacy because of small buffer pool size. In order to use backoff, increase buffer pool at least up to 20MB.

2019-04-17 20:52:22 8176 [Note] InnoDB: Using mutexes to ref count buffer pool pages
2019-04-17 20:52:22 8176 [Note] InnoDB: The InnoDB memory heap is disabled
2019-04-17 20:52:22 8176 [Note] InnoDB: Mutexes and rw_locks use Windows interlocked functions
2019-04-17 20:52:22 8176 [Note] InnoDB: _mm_lfence() and _mm_sfence() are used for memory barrier
2019-04-17 20:52:22 8176 [Note] InnoDB: Compressed tables use zlib 1.2.11
2019-04-17 20:52:22 8176 [Note] InnoDB: Using generic crc32 instructions
2019-04-17 20:52:22 8176 [Note] InnoDB: Initializing buffer pool, size = 16.0M
2019-04-17 20:52:22 8176 [Note] InnoDB: Completed initialization of buffer pool
2019-04-17 20:52:22 8176 [ERROR] InnoDB: E:\xamp\mysql\data\ibdata1 can't be opened in read-write mode
2019-04-17 20:52:22 8176 [ERROR] InnoDB: The system tablespace must be writable!
2019-04-17 20:52:22 8176 [ERROR] Plugin 'InnoDB' init function returned error.
2019-04-17 20:52:22 8176 [ERROR] Plugin 'InnoDB' registration as a STORAGE ENGINE failed.
2019-04-17 20:52:22 8176 [Note] Plugin 'FEEDBACK' is disabled.
2019-04-17 20:52:22 8176 [ERROR] Unknown/unsupported storage engine: InnoDB
2019-04-17 20:52:22 8176 [ERROR] Aborting

2019-04-17 20:52:23 15ec InnoDB: Warning: Using innodb_additional_mem_pool_size is DEPRECATED. This option may be removed in future releases, together with the option innodb_use_sys_malloc and with the InnoDB's internal memory allocator.
2019-04-17 20:52:23 5612 [Note] InnoDB: innodb_empty_free_list_algorithm has been changed to legacy because of small buffer pool size. In order to use backoff, increase buffer pool at least up to 20MB.

2019-04-17 20:52:23 5612 [Note] InnoDB: Using mutexes to ref count buffer pool pages
2019-04-17 20:52:23 5612 [Note] InnoDB: The InnoDB memory heap is disabled
2019-04-17 20:52:23 5612 [Note] InnoDB: Mutexes and rw_locks use Windows interlocked functions
2019-04-17 20:52:23 5612 [Note] InnoDB: _mm_lfence() and _mm_sfence() are used for memory barrier
2019-04-17 20:52:23 5612 [Note] InnoDB: Compressed tables use zlib 1.2.11
2019-04-17 20:52:23 5612 [Note] InnoDB: Using generic crc32 instructions
2019-04-17 20:52:23 5612 [Note] InnoDB: Initializing buffer pool, size = 16.0M
2019-04-17 20:52:23 5612 [Note] InnoDB: Completed initialization of buffer pool
2019-04-17 20:52:23 5612 [ERROR] InnoDB: E:\xamp\mysql\data\ibdata1 can't be opened in read-write mode
2019-04-17 20:52:23 5612 [ERROR] InnoDB: The system tablespace must be writable!
2019-04-17 20:52:23 5612 [ERROR] Plugin 'InnoDB' init function returned error.
2019-04-17 20:52:23 5612 [ERROR] Plugin 'InnoDB' registration as a STORAGE ENGINE failed.
2019-04-17 20:52:23 5612 [Note] Plugin 'FEEDBACK' is disabled.
2019-04-17 20:52:23 5612 [ERROR] Unknown/unsupported storage engine: InnoDB
2019-04-17 20:52:23 5612 [ERROR] Aborting

2019-04-17 20:52:25 1968 InnoDB: Warning: Using innodb_additional_mem_pool_size is DEPRECATED. This option may be removed in future releases, together with the option innodb_use_sys_malloc and with the InnoDB's internal memory allocator.
2019-04-17 20:52:25 6504 [Note] InnoDB: innodb_empty_free_list_algorithm has been changed to legacy because of small buffer pool size. In order to use backoff, increase buffer pool at least up to 20MB.

2019-04-17 20:52:25 6504 [Note] InnoDB: Using mutexes to ref count buffer pool pages
2019-04-17 20:52:25 6504 [Note] InnoDB: The InnoDB memory heap is disabled
2019-04-17 20:52:25 6504 [Note] InnoDB: Mutexes and rw_locks use Windows interlocked functions
2019-04-17 20:52:25 6504 [Note] InnoDB: _mm_lfence() and _mm_sfence() are used for memory barrier
2019-04-17 20:52:25 6504 [Note] InnoDB: Compressed tables use zlib 1.2.11
2019-04-17 20:52:25 6504 [Note] InnoDB: Using generic crc32 instructions
2019-04-17 20:52:25 6504 [Note] InnoDB: Initializing buffer pool, size = 16.0M
2019-04-17 20:52:25 6504 [Note] InnoDB: Completed initialization of buffer pool
2019-04-17 20:52:25 6504 [ERROR] InnoDB: E:\xamp\mysql\data\ibdata1 can't be opened in read-write mode
2019-04-17 20:52:25 6504 [ERROR] InnoDB: The system tablespace must be writable!
2019-04-17 20:52:25 6504 [ERROR] Plugin 'InnoDB' init function returned error.
2019-04-17 20:52:25 6504 [ERROR] Plugin 'InnoDB' registration as a STORAGE ENGINE failed.
2019-04-17 20:52:25 6504 [Note] Plugin 'FEEDBACK' is disabled.
2019-04-17 20:52:25 6504 [ERROR] Unknown/unsupported storage engine: InnoDB
2019-04-17 20:52:25 6504 [ERROR] Aborting

2019-04-20 13:11:35 16c8 InnoDB: Warning: Using innodb_additional_mem_pool_size is DEPRECATED. This option may be removed in future releases, together with the option innodb_use_sys_malloc and with the InnoDB's internal memory allocator.
2019-04-20 13:11:35 5832 [Note] InnoDB: innodb_empty_free_list_algorithm has been changed to legacy because of small buffer pool size. In order to use backoff, increase buffer pool at least up to 20MB.

2019-04-20 13:11:35 5832 [Note] InnoDB: Using mutexes to ref count buffer pool pages
2019-04-20 13:11:35 5832 [Note] InnoDB: The InnoDB memory heap is disabled
2019-04-20 13:11:35 5832 [Note] InnoDB: Mutexes and rw_locks use Windows interlocked functions
2019-04-20 13:11:35 5832 [Note] InnoDB: _mm_lfence() and _mm_sfence() are used for memory barrier
2019-04-20 13:11:35 5832 [Note] InnoDB: Compressed tables use zlib 1.2.11
2019-04-20 13:11:35 5832 [Note] InnoDB: Using generic crc32 instructions
2019-04-20 13:11:35 5832 [Note] InnoDB: Initializing buffer pool, size = 16.0M
2019-04-20 13:11:35 5832 [Note] InnoDB: Completed initialization of buffer pool
2019-04-20 13:11:36 5832 [Note] InnoDB: Highest supported file format is Barracuda.
2019-04-20 13:11:36 5832 [Note] InnoDB: The log sequence number 1835037 in ibdata file do not match the log sequence number 6186525 in the ib_logfiles!
2019-04-20 13:11:36 5832 [Note] InnoDB: Restoring possible half-written data pages from the doublewrite buffer...
2019-04-20 13:11:36 5832 [Note] InnoDB: 128 rollback segment(s) are active.
2019-04-20 13:11:36 5832 [Note] InnoDB: Waiting for purge to start
2019-04-20 13:11:36 5832 [Note] InnoDB:  Percona XtraDB (http://www.percona.com) 5.6.42-84.2 started; log sequence number 6186525
2019-04-20 13:11:36 15284 [Note] InnoDB: Dumping buffer pool(s) not yet started
2019-04-20 13:11:36 5832 [Note] Plugin 'FEEDBACK' is disabled.
2019-04-20 13:11:36 5832 [Note] Server socket created on IP: '::'.
2019-04-20 13:11:36 5832 [ERROR] mysqld.exe: Table '.\mysql\user' is marked as crashed and should be repaired
2019-04-20 13:11:36 5832 [Warning] Checking table:   '.\mysql\user'
2019-04-20 13:11:36 5832 [ERROR] mysql.user: 1 client is using or hasn't closed the table properly
2019-04-20 13:11:36 5832 [ERROR] mysqld.exe: Table '.\mysql\db' is marked as crashed and should be repaired
2019-04-20 13:11:36 5832 [Warning] Checking table:   '.\mysql\db'
2019-04-20 13:11:36 5832 [ERROR] mysql.db: 1 client is using or hasn't closed the table properly
2019-04-20 13:11:37 5832 [Note] e:\xamp\mysql\bin\mysqld.exe: ready for connections.
Version: '10.1.38-MariaDB'  socket: ''  port: 3306  mariadb.org binary distribution
